<?xml version="1.0" encoding="UTF-8"?>
<!-- Generated by org.testng.reporters.JUnitReportReporter -->
<testsuite skipped="0" hostname="DESKTOP-NTDIJGK" name="poly.test.login" tests="1" failures="0" timestamp="2020-06-16T16:59:58 ICT" time="0.236" errors="0">
  <testcase name="checkTitle" time="0.236" classname="poly.test.login"/>
  <system-out/>
</testsuite> <!-- poly.test.login -->
